14:52:55.689 [ main ] INFO  c.e.z.ZeroDividendApplication - Starting ZeroDividendApplication using Java 11.0.16 on DESKTOP-NB93TMC with PID 13440 (D:\zeroDividend\build\classes\java\main started by USER in D:\zerodividend)
14:52:55.692 [ main ] INFO  c.e.z.ZeroDividendApplication - No active profile set, falling back to 1 default profile: "default"
14:52:56.195 [ main ] INFO  o.s.d.r.c.RepositoryConfigurationDelegate - Multiple Spring Data modules found, entering strict repository configuration mode
14:52:56.196 [ main ] INFO  o.s.d.r.c.RepositoryConfigurationDelegate - Bootstrapping Spring Data JPA repositories in DEFAULT mode.
14:52:56.255 [ main ] INFO  o.s.d.r.c.RepositoryConfigurationDelegate - Finished Spring Data repository scanning in 53 ms. Found 3 JPA repository interfaces.
14:52:56.298 [ main ] INFO  o.s.d.r.c.RepositoryConfigurationDelegate - Multiple Spring Data modules found, entering strict repository configuration mode
14:52:56.298 [ main ] INFO  o.s.d.r.c.RepositoryConfigurationDelegate - Bootstrapping Spring Data Redis repositories in DEFAULT mode.
14:52:56.309 [ main ] INFO  o.s.d.r.c.RepositoryConfigurationExtensionSupport - Spring Data Redis - Could not safely identify store assignment for repository candidate interface com.example.zerodividend.persist.CompanyRepository; If you want this repository to be a Redis repository, consider annotating your entities with one of these annotations: org.springframework.data.redis.core.RedisHash (preferred), or consider extending one of the following types with your repository: org.springframework.data.keyvalue.repository.KeyValueRepository
14:52:56.309 [ main ] INFO  o.s.d.r.c.RepositoryConfigurationExtensionSupport - Spring Data Redis - Could not safely identify store assignment for repository candidate interface com.example.zerodividend.persist.DividendRepository; If you want this repository to be a Redis repository, consider annotating your entities with one of these annotations: org.springframework.data.redis.core.RedisHash (preferred), or consider extending one of the following types with your repository: org.springframework.data.keyvalue.repository.KeyValueRepository
14:52:56.311 [ main ] INFO  o.s.d.r.c.RepositoryConfigurationExtensionSupport - Spring Data Redis - Could not safely identify store assignment for repository candidate interface com.example.zerodividend.persist.MemberRepository; If you want this repository to be a Redis repository, consider annotating your entities with one of these annotations: org.springframework.data.redis.core.RedisHash (preferred), or consider extending one of the following types with your repository: org.springframework.data.keyvalue.repository.KeyValueRepository
14:52:56.311 [ main ] INFO  o.s.d.r.c.RepositoryConfigurationDelegate - Finished Spring Data repository scanning in 6 ms. Found 0 Redis repository interfaces.
14:52:56.716 [ main ] INFO  o.s.b.w.e.tomcat.TomcatWebServer - Tomcat initialized with port(s): 8080 (http)
14:52:56.723 [ main ] INFO  o.a.coyote.http11.Http11NioProtocol - Initializing ProtocolHandler ["http-nio-8080"]
14:52:56.723 [ main ] INFO  o.a.catalina.core.StandardService - Starting service [Tomcat]
14:52:56.723 [ main ] INFO  o.a.catalina.core.StandardEngine - Starting Servlet engine: [Apache Tomcat/9.0.65]
14:52:56.819 [ main ] INFO  o.a.c.c.C.[Tomcat].[localhost].[/] - Initializing Spring embedded WebApplicationContext
14:52:56.819 [ main ] INFO  o.s.b.w.s.c.ServletWebServerApplicationContext - Root WebApplicationContext: initialization completed in 1096 ms
14:52:56.844 [ main ] INFO  com.zaxxer.hikari.HikariDataSource - HikariPool-1 - Starting...
14:52:56.916 [ main ] INFO  com.zaxxer.hikari.HikariDataSource - HikariPool-1 - Start completed.
14:52:56.927 [ main ] INFO  o.s.b.a.h.H2ConsoleAutoConfiguration - H2 console available at '/h2-console'. Database available at 'jdbc:h2:mem:seonghyeon'
14:52:57.082 [ main ] INFO  o.h.jpa.internal.util.LogHelper - HHH000204: Processing PersistenceUnitInfo [name: default]
14:52:57.116 [ main ] INFO  org.hibernate.Version - HHH000412: Hibernate ORM core version 5.6.10.Final
14:52:57.252 [ main ] INFO  o.h.annotations.common.Version - HCANN000001: Hibernate Commons Annotations {5.1.2.Final}
14:52:57.346 [ main ] INFO  org.hibernate.dialect.Dialect - HHH000400: Using dialect: org.hibernate.dialect.H2Dialect
14:52:57.788 [ main ] INFO  o.h.e.t.j.p.i.JtaPlatformInitiator - HHH000490: Using JtaPlatform implementation: [org.hibernate.engine.transaction.jta.platform.internal.NoJtaPlatform]
14:52:57.794 [ main ] INFO  o.s.o.j.LocalContainerEntityManagerFactoryBean - Initialized JPA EntityManagerFactory for persistence unit 'default'
14:52:58.192 [ main ] WARN  o.s.b.a.o.j.JpaBaseConfiguration$JpaWebConfiguration - spring.jpa.open-in-view is enabled by default. Therefore, database queries may be performed during view rendering. Explicitly configure spring.jpa.open-in-view to disable this warning
14:52:58.432 [ main ] WARN  o.s.s.c.a.web.builders.WebSecurity - You are asking Spring Security to ignore Ant [pattern='/h2-console/**']. This is not recommended -- please use permitAll via HttpSecurity#authorizeHttpRequests instead.
14:52:58.432 [ main ] INFO  o.s.s.web.DefaultSecurityFilterChain - Will not secure Ant [pattern='/h2-console/**']
14:52:58.433 [ main ] WARN  o.s.s.c.a.web.builders.WebSecurity - You are asking Spring Security to ignore Ant [pattern='/resources/**']. This is not recommended -- please use permitAll via HttpSecurity#authorizeHttpRequests instead.
14:52:58.433 [ main ] INFO  o.s.s.web.DefaultSecurityFilterChain - Will not secure Ant [pattern='/resources/**']
14:52:58.461 [ main ] INFO  o.s.s.web.DefaultSecurityFilterChain - Will secure any request with [org.springframework.security.web.session.DisableEncodeUrlFilter@2e1c8027, org.springframework.security.web.context.request.async.WebAsyncManagerIntegrationFilter@72d7afff, org.springframework.security.web.context.SecurityContextPersistenceFilter@2de82bf8, org.springframework.security.web.header.HeaderWriterFilter@6b063695, org.springframework.security.web.authentication.logout.LogoutFilter@47fce2c4, com.example.zerodividend.securiry.JwtAuthenticationFilter@7978550b, org.springframework.security.web.savedrequest.RequestCacheAwareFilter@54ec8ab3, org.springframework.security.web.servletapi.SecurityContextHolderAwareRequestFilter@694f0655, org.springframework.security.web.authentication.AnonymousAuthenticationFilter@5c41f6a0, org.springframework.security.web.session.SessionManagementFilter@21be80f6, org.springframework.security.web.access.ExceptionTranslationFilter@f1e1d66, org.springframework.security.web.access.intercept.FilterSecurityInterceptor@6ec77cab]
14:52:58.867 [ main ] INFO  o.a.coyote.http11.Http11NioProtocol - Starting ProtocolHandler ["http-nio-8080"]
14:52:58.882 [ main ] INFO  o.s.b.w.e.tomcat.TomcatWebServer - Tomcat started on port(s): 8080 (http) with context path ''
14:52:58.891 [ main ] INFO  c.e.z.ZeroDividendApplication - Started ZeroDividendApplication in 3.527 seconds (JVM running for 4.222)
14:53:23.551 [ SpringApplicationShutdownHook ] INFO  o.s.o.j.LocalContainerEntityManagerFactoryBean - Closing JPA EntityManagerFactory for persistence unit 'default'
14:53:23.554 [ SpringApplicationShutdownHook ] INFO  com.zaxxer.hikari.HikariDataSource - HikariPool-1 - Shutdown initiated...
14:53:23.557 [ SpringApplicationShutdownHook ] INFO  com.zaxxer.hikari.HikariDataSource - HikariPool-1 - Shutdown completed.
